<?xml version="1.0" encoding="UTF-8"?>
<!-- Generated by org.testng.reporters.JUnitReportReporter -->
<testsuite skipped="0" hostname="DESKTOP-FSJF2OQ" name="test.Day2" tests="1" failures="0" timestamp="2021-08-30T18:07:16 IST" time="4.016" errors="0">
  <testcase name="demo3" time="4.016" classname="test.Day2"/>
  <system-out/>
</testsuite> <!-- test.Day2 -->
