<?xml version="1.0" encoding="UTF-8"?>
<!-- Generated by org.testng.reporters.JUnitReportReporter -->
<testsuite skipped="0" hostname="DESKTOP-FSJF2OQ" name="test.Day1" tests="4" failures="0" timestamp="2021-08-30T18:07:16 IST" time="47.769" errors="0">
  <testcase name="demo4" time="8.702" classname="test.Day1"/>
  <system-out/>
  <testcase name="demo4" time="4.555" classname="test.Day1"/>
  <system-out/>
  <testcase name="demo4" time="4.305" classname="test.Day1"/>
  <system-out/>
  <testcase name="demo1" time="30.207" classname="test.Day1"/>
  <system-out/>
</testsuite> <!-- test.Day1 -->
